<?xml version="1.0" encoding="UTF-8"?>
<testsuites name="1 Test Suite" time="21.597" tests="2" failures="0" errors="0">
   <testsuite name="1 Test Suite" tests="2" failures="0" errors="0" time="21.597" skipped="0" timestamp="27-02-2025T20:18:19" hostname="Hp - DESKTOP-U08CQCA" id="Test Suites/1 Test Suite">
      <properties>
         <property name="deviceName" value=""/>
         <property name="devicePlatform"/>
         <property name="logFolder" value="C:\\Users\\Hp\\git\\repo\\Reports\\20250227_201807\\1 Test Suite\\20250227_201807"/>
         <property name="logFiles" value="C:\\Users\\Hp\\git\\repo\\Reports\\20250227_201807\\1 Test Suite\\20250227_201807\\execution0.log"/>
         <property name="attachments" value=""/>
         <property name="hostName" value="Hp - DESKTOP-U08CQCA"/>
         <property name="os" value="Windows 10 64bit"/>
         <property name="katalonVersion" value="10.1.0.223"/>
         <property name="browser" value="Chrome 132.0.6834.160"/>
         <property name="hostAddress" value="192.168.1.21"/>
         <property name="sessionId" value="f516898d808bb20810c988632960c5ca"/>
         <property name="seleniumVersion" value="4.22.0"/>
         <property name="proxyInformation" value="ProxyInformation { proxyOption=NO_PROXY, proxyServerType=HTTP, username=, password=********, proxyServerAddress=, proxyServerPort=0, executionList=&quot;&quot;, isApplyToDesiredCapabilities=true }"/>
         <property name="platform" value="Windows 10"/>
      </properties>
      <testcase name="Test Cases/verify first page" time="13.531" classname="Test Cases/verify first page" status="PASSED">
         <system-out><![CDATA[27-02-2025T20:18:19 - [TEST_CASE][PASSED] - Test Cases/verify first page: Test Cases/verify first page

27-02-2025T20:18:20 - [TEST_STEP][PASSED] - openBrowser(""): Browser is opened with url: ''

27-02-2025T20:18:21 - [MESSAGE][INFO] - Starting 'Chrome' driver

27-02-2025T20:18:21 - [MESSAGE][INFO] - Action delay is set to 0 milliseconds

27-02-2025T20:18:29 - [MESSAGE][PASSED] - Browser is opened with url: ''

27-02-2025T20:18:29 - [TEST_STEP][PASSED] - navigateToUrl("https://katalon-demo-cura.herokuapp.com/"): Navigate to 'https://katalon-demo-cura.herokuapp.com/' successfully

27-02-2025T20:18:32 - [MESSAGE][PASSED] - Navigate to 'https://katalon-demo-cura.herokuapp.com/' successfully

27-02-2025T20:18:32 - [TEST_STEP][PASSED] - verifyElementPresent(findTestObject("Object Repository/Page_CURA Healthcare Service/a_Make Appointment"), 0): Object 'Object Repository/Page_CURA Healthcare Service/a_Make Appointment' is present

27-02-2025T20:18:33 - [MESSAGE][WARNING] - Timeout '0' is invalid. Using default page load timeout: '30'

27-02-2025T20:18:33 - [MESSAGE][PASSED] - Object 'Object Repository/Page_CURA Healthcare Service/a_Make Appointment' is present]]></system-out>
         <system-err><![CDATA[]]></system-err>
      </testcase>
      <testcase name="Test Cases/verify page 1 header" time="7.36" classname="Test Cases/verify page 1 header" status="PASSED">
         <system-out><![CDATA[27-02-2025T20:18:33 - [TEST_CASE][PASSED] - Test Cases/verify page 1 header: Test Cases/verify page 1 header

27-02-2025T20:18:33 - [TEST_STEP][PASSED] - openBrowser(""): Browser is opened with url: ''

27-02-2025T20:18:33 - [MESSAGE][WARNING] - A browser is already opened. Closing browser and opening a new one

27-02-2025T20:18:34 - [MESSAGE][INFO] - Starting 'Chrome' driver

27-02-2025T20:18:34 - [MESSAGE][INFO] - Action delay is set to 0 milliseconds

27-02-2025T20:18:37 - [MESSAGE][PASSED] - Browser is opened with url: ''

27-02-2025T20:18:37 - [TEST_STEP][PASSED] - navigateToUrl("https://katalon-demo-cura.herokuapp.com/"): Navigate to 'https://katalon-demo-cura.herokuapp.com/' successfully

27-02-2025T20:18:40 - [MESSAGE][PASSED] - Navigate to 'https://katalon-demo-cura.herokuapp.com/' successfully

27-02-2025T20:18:40 - [TEST_STEP][PASSED] - verifyElementText(findTestObject("Object Repository/Page_CURA Healthcare Service/h1_CURA Healthcare Service"), "CURA Healthcare Service"): Actual text and expected text of test object 'Object Repository/Page_CURA Healthcare Service/h1_CURA Healthcare Service' are matched.

27-02-2025T20:18:40 - [MESSAGE][PASSED] - Actual text and expected text of test object 'Object Repository/Page_CURA Healthcare Service/h1_CURA Healthcare Service' are matched.]]></system-out>
         <system-err><![CDATA[]]></system-err>
      </testcase>
      <system-out><![CDATA[27-02-2025T20:18:19 - [TEST_SUITE][PASSED] - 1 Test Suite: Test Cases/verify page 1 header]]></system-out>
      <system-err><![CDATA[]]></system-err>
   </testsuite>
</testsuites>
