<?xml version="1.0" encoding="UTF-8"?>
<testsuites name="New Test Suite 16" time="68.606" tests="2" failures="0" errors="0">
   <testsuite name="New Test Suite 16" tests="2" failures="0" errors="0" time="68.606" skipped="0" timestamp="03-03-2025T21:36:52" hostname="Hp - DESKTOP-U08CQCA" id="Test Suites/New Test Suite 16">
      <properties>
         <property name="deviceName" value=""/>
         <property name="devicePlatform"/>
         <property name="logFolder" value="C:\\Users\\Hp\\git\\repo\\Reports\\20250303_213640\\New Test Suite 16\\20250303_213640"/>
         <property name="logFiles" value="C:\\Users\\Hp\\git\\repo\\Reports\\20250303_213640\\New Test Suite 16\\20250303_213640\\execution0.log"/>
         <property name="attachments" value=""/>
         <property name="hostName" value="Hp - DESKTOP-U08CQCA"/>
         <property name="os" value="Windows 10 64bit"/>
         <property name="katalonVersion" value="10.1.0.223"/>
         <property name="browser" value="Chrome 132.0.6834.160"/>
         <property name="hostAddress" value="192.168.1.21"/>
         <property name="sessionId" value="fbca44fa3af2166e2b7fd3fedcfd8fe9"/>
         <property name="seleniumVersion" value="4.22.0"/>
         <property name="proxyInformation" value="ProxyInformation { proxyOption=NO_PROXY, proxyServerType=HTTP, username=, password=********, proxyServerAddress=, proxyServerPort=0, executionList=&quot;&quot;, isApplyToDesiredCapabilities=true }"/>
         <property name="platform" value="Windows 10"/>
      </properties>
      <testcase name="Test Cases/Test Case 27" time="44.229" classname="Test Cases/Test Case 27" status="PASSED">
         <system-out><![CDATA[03-03-2025T21:36:52 - [TEST_CASE][PASSED] - Test Cases/Test Case 27: Test Cases/Test Case 27

03-03-2025T21:36:53 - [TEST_STEP][PASSED] - openBrowser(""): Browser is opened with url: ''

03-03-2025T21:36:54 - [MESSAGE][INFO] - Starting 'Chrome' driver

03-03-2025T21:36:54 - [MESSAGE][INFO] - Action delay is set to 0 milliseconds

03-03-2025T21:37:05 - [MESSAGE][PASSED] - Browser is opened with url: ''

03-03-2025T21:37:05 - [TEST_STEP][PASSED] - navigateToUrl("https://katalon-demo-cura.herokuapp.com/"): Navigate to 'https://katalon-demo-cura.herokuapp.com/' successfully

03-03-2025T21:37:32 - [MESSAGE][PASSED] - Navigate to 'https://katalon-demo-cura.herokuapp.com/' successfully

03-03-2025T21:37:32 - [TEST_STEP][PASSED] - click(findTestObject("Object Repository/Page_CURA Healthcare Service/a_Make Appointment")): Object: 'Object Repository/Page_CURA Healthcare Service/a_Make Appointment' is clicked on

03-03-2025T21:37:35 - [MESSAGE][PASSED] - Object: 'Object Repository/Page_CURA Healthcare Service/a_Make Appointment' is clicked on

03-03-2025T21:37:35 - [TEST_STEP][PASSED] - verifyElementPresent(findTestObject("Object Repository/Page_CURA Healthcare Service/i_infokatalon.com_fa fa-facebook fa-fw fa-3x"), 0): Object 'Object Repository/Page_CURA Healthcare Service/i_infokatalon.com_fa fa-facebook fa-fw fa-3x' is present

03-03-2025T21:37:35 - [MESSAGE][WARNING] - Timeout '0' is invalid. Using default page load timeout: '30'

03-03-2025T21:37:35 - [MESSAGE][PASSED] - Object 'Object Repository/Page_CURA Healthcare Service/i_infokatalon.com_fa fa-facebook fa-fw fa-3x' is present

03-03-2025T21:37:35 - [TEST_STEP][PASSED] - rightClick(findTestObject("Object Repository/Page_CURA Healthcare Service/i_infokatalon.com_fa fa-dribbble fa-fw fa-3x")): Object: 'Object Repository/Page_CURA Healthcare Service/i_infokatalon.com_fa fa-dribbble fa-fw fa-3x' is right clicked on

03-03-2025T21:37:36 - [MESSAGE][PASSED] - Object: 'Object Repository/Page_CURA Healthcare Service/i_infokatalon.com_fa fa-dribbble fa-fw fa-3x' is right clicked on

03-03-2025T21:37:36 - [TEST_STEP][PASSED] - verifyElementPresent(findTestObject("Object Repository/Page_CURA Healthcare Service/i_infokatalon.com_fa fa-dribbble fa-fw fa-3x"), 0): Object 'Object Repository/Page_CURA Healthcare Service/i_infokatalon.com_fa fa-dribbble fa-fw fa-3x' is present

03-03-2025T21:37:36 - [MESSAGE][WARNING] - Timeout '0' is invalid. Using default page load timeout: '30'

03-03-2025T21:37:36 - [MESSAGE][PASSED] - Object 'Object Repository/Page_CURA Healthcare Service/i_infokatalon.com_fa fa-dribbble fa-fw fa-3x' is present

03-03-2025T21:37:36 - [TEST_STEP][PASSED] - closeBrowser(): Browser is closed

03-03-2025T21:37:37 - [MESSAGE][PASSED] - Browser is closed]]></system-out>
         <system-err><![CDATA[]]></system-err>
      </testcase>
      <testcase name="Test Cases/Test Case 28" time="23.876" classname="Test Cases/Test Case 28" status="PASSED">
         <system-out><![CDATA[03-03-2025T21:37:37 - [TEST_CASE][PASSED] - Test Cases/Test Case 28: Test Cases/Test Case 28

03-03-2025T21:37:37 - [TEST_STEP][PASSED] - openBrowser(""): Browser is opened with url: ''

03-03-2025T21:37:37 - [MESSAGE][INFO] - Starting 'Chrome' driver

03-03-2025T21:37:37 - [MESSAGE][INFO] - Action delay is set to 0 milliseconds

03-03-2025T21:37:40 - [MESSAGE][PASSED] - Browser is opened with url: ''

03-03-2025T21:37:40 - [TEST_STEP][PASSED] - navigateToUrl("https://katalon-demo-cura.herokuapp.com/"): Navigate to 'https://katalon-demo-cura.herokuapp.com/' successfully

03-03-2025T21:37:41 - [MESSAGE][PASSED] - Navigate to 'https://katalon-demo-cura.herokuapp.com/' successfully

03-03-2025T21:37:41 - [TEST_STEP][PASSED] - click(findTestObject("Object Repository/Page_CURA Healthcare Service/a_CURA Healthcare_menu-toggle")): Object: 'Object Repository/Page_CURA Healthcare Service/a_CURA Healthcare_menu-toggle' is clicked on

03-03-2025T21:37:56 - [MESSAGE][PASSED] - Object: 'Object Repository/Page_CURA Healthcare Service/a_CURA Healthcare_menu-toggle' is clicked on

03-03-2025T21:37:56 - [TEST_STEP][PASSED] - verifyElementPresent(findTestObject("Object Repository/Page_CURA Healthcare Service/a_CURA Healthcare"), 0): Object 'Object Repository/Page_CURA Healthcare Service/a_CURA Healthcare' is present

03-03-2025T21:37:56 - [MESSAGE][WARNING] - Timeout '0' is invalid. Using default page load timeout: '30'

03-03-2025T21:37:57 - [MESSAGE][PASSED] - Object 'Object Repository/Page_CURA Healthcare Service/a_CURA Healthcare' is present

03-03-2025T21:37:57 - [TEST_STEP][PASSED] - click(findTestObject("Object Repository/Page_CURA Healthcare Service/a_CURA Healthcare_menu-toggle")): Object: 'Object Repository/Page_CURA Healthcare Service/a_CURA Healthcare_menu-toggle' is clicked on

03-03-2025T21:37:57 - [MESSAGE][PASSED] - Object: 'Object Repository/Page_CURA Healthcare Service/a_CURA Healthcare_menu-toggle' is clicked on

03-03-2025T21:37:57 - [TEST_STEP][PASSED] - click(findTestObject("Object Repository/Page_CURA Healthcare Service/a_CURA Healthcare_menu-toggle")): Object: 'Object Repository/Page_CURA Healthcare Service/a_CURA Healthcare_menu-toggle' is clicked on

03-03-2025T21:37:58 - [MESSAGE][PASSED] - Object: 'Object Repository/Page_CURA Healthcare Service/a_CURA Healthcare_menu-toggle' is clicked on

03-03-2025T21:37:58 - [TEST_STEP][PASSED] - click(findTestObject("Object Repository/Page_CURA Healthcare Service/a_Login")): Object: 'Object Repository/Page_CURA Healthcare Service/a_Login' is clicked on

03-03-2025T21:37:59 - [MESSAGE][PASSED] - Object: 'Object Repository/Page_CURA Healthcare Service/a_Login' is clicked on

03-03-2025T21:37:59 - [TEST_STEP][PASSED] - click(findTestObject("Object Repository/Page_CURA Healthcare Service/i_CURA Healthcare_fa fa-bars")): Object: 'Object Repository/Page_CURA Healthcare Service/i_CURA Healthcare_fa fa-bars' is clicked on

03-03-2025T21:38:00 - [MESSAGE][PASSED] - Object: 'Object Repository/Page_CURA Healthcare Service/i_CURA Healthcare_fa fa-bars' is clicked on

03-03-2025T21:38:00 - [TEST_STEP][PASSED] - closeBrowser(): Browser is closed

03-03-2025T21:38:01 - [MESSAGE][PASSED] - Browser is closed]]></system-out>
         <system-err><![CDATA[]]></system-err>
      </testcase>
      <system-out><![CDATA[03-03-2025T21:36:52 - [TEST_SUITE][PASSED] - New Test Suite 16: Test Cases/Test Case 28]]></system-out>
      <system-err><![CDATA[]]></system-err>
   </testsuite>
</testsuites>
