<?xml version="1.0" encoding="UTF-8"?>
<testsuites name="New Test Suite 17" time="254.081" tests="6" failures="0" errors="0">
   <testsuite name="New Test Suite 17" tests="6" failures="0" errors="0" time="254.081" skipped="0" timestamp="05-03-2025T22:03:20" hostname="Hp - DESKTOP-U08CQCA" id="Test Suites/New Test Suite 17">
      <properties>
         <property name="deviceName" value=""/>
         <property name="devicePlatform"/>
         <property name="logFolder" value="C:\\Users\\Hp\\git\\repo\\Reports\\20250305_220245\\New Test Suite 17\\20250305_220245"/>
         <property name="logFiles" value="C:\\Users\\Hp\\git\\repo\\Reports\\20250305_220245\\New Test Suite 17\\20250305_220245\\execution0.log"/>
         <property name="attachments" value=""/>
         <property name="hostName" value="Hp - DESKTOP-U08CQCA"/>
         <property name="os" value="Windows 10 64bit"/>
         <property name="katalonVersion" value="10.1.0.223"/>
         <property name="browser" value="Chrome 133.0.6943.142"/>
         <property name="hostAddress" value="192.168.1.21"/>
         <property name="sessionId" value="5546a111ba1f68c646c6963bd5c1b8c5"/>
         <property name="seleniumVersion" value="4.22.0"/>
         <property name="proxyInformation" value="ProxyInformation { proxyOption=NO_PROXY, proxyServerType=HTTP, username=, password=********, proxyServerAddress=, proxyServerPort=0, executionList=&quot;&quot;, isApplyToDesiredCapabilities=true }"/>
         <property name="platform" value="Windows 10"/>
      </properties>
      <testcase name="Test Cases/New Test Case 30" time="55.361" classname="Test Cases/New Test Case 30" status="PASSED">
         <system-out><![CDATA[05-03-2025T22:03:21 - [TEST_CASE][PASSED] - Test Cases/New Test Case 30: Test Cases/New Test Case 30

05-03-2025T22:03:21 - [TEST_STEP][PASSED] - openBrowser(""): Browser is opened with url: ''

05-03-2025T22:03:22 - [MESSAGE][INFO] - Starting 'Chrome' driver

05-03-2025T22:03:22 - [MESSAGE][INFO] - Action delay is set to 0 milliseconds

05-03-2025T22:03:30 - [MESSAGE][PASSED] - Browser is opened with url: ''

05-03-2025T22:03:30 - [TEST_STEP][PASSED] - navigateToUrl("https://www.google.com/"): Navigate to 'https://www.google.com/' successfully

05-03-2025T22:03:31 - [MESSAGE][PASSED] - Navigate to 'https://www.google.com/' successfully

05-03-2025T22:03:31 - [TEST_STEP][PASSED] - verifyElementText(findTestObject("Object Repository/Page_Google/img_Sign in_lnXdpd"), ""): Actual text and expected text of test object 'Object Repository/Page_Google/img_Sign in_lnXdpd' are matched.

05-03-2025T22:04:14 - [MESSAGE][PASSED] - Actual text and expected text of test object 'Object Repository/Page_Google/img_Sign in_lnXdpd' are matched.

05-03-2025T22:04:14 - [TEST_STEP][PASSED] - verifyElementPresent(findTestObject("Object Repository/Page_Google/input_Report inappropriate predictions_btnK"), 0): Object 'Object Repository/Page_Google/input_Report inappropriate predictions_btnK' is present

05-03-2025T22:04:15 - [MESSAGE][WARNING] - Timeout '0' is invalid. Using default page load timeout: '30'

05-03-2025T22:04:15 - [MESSAGE][PASSED] - Object 'Object Repository/Page_Google/input_Report inappropriate predictions_btnK' is present

05-03-2025T22:04:15 - [TEST_STEP][PASSED] - verifyElementText(findTestObject("Object Repository/Page_Google/input_Report inappropriate predictions_btnI"), ""): Actual text and expected text of test object 'Object Repository/Page_Google/input_Report inappropriate predictions_btnI' are matched.

05-03-2025T22:04:15 - [MESSAGE][PASSED] - Actual text and expected text of test object 'Object Repository/Page_Google/input_Report inappropriate predictions_btnI' are matched.

05-03-2025T22:04:15 - [TEST_STEP][PASSED] - closeBrowser(): Browser is closed

05-03-2025T22:04:16 - [MESSAGE][PASSED] - Browser is closed]]></system-out>
         <system-err><![CDATA[]]></system-err>
      </testcase>
      <testcase name="Test Cases/New Test Case 32" time="49.444" classname="Test Cases/New Test Case 32" status="PASSED">
         <system-out><![CDATA[05-03-2025T22:04:16 - [TEST_CASE][PASSED] - Test Cases/New Test Case 32: Test Cases/New Test Case 32

05-03-2025T22:04:17 - [TEST_STEP][PASSED] - openBrowser(""): Browser is opened with url: ''

05-03-2025T22:04:17 - [MESSAGE][INFO] - Starting 'Chrome' driver

05-03-2025T22:04:17 - [MESSAGE][INFO] - Action delay is set to 0 milliseconds

05-03-2025T22:04:19 - [MESSAGE][PASSED] - Browser is opened with url: ''

05-03-2025T22:04:19 - [TEST_STEP][PASSED] - navigateToUrl("https://www.google.com/"): Navigate to 'https://www.google.com/' successfully

05-03-2025T22:05:04 - [MESSAGE][PASSED] - Navigate to 'https://www.google.com/' successfully

05-03-2025T22:05:04 - [TEST_STEP][PASSED] - verifyElementText(findTestObject("Object Repository/Page_Google/a_Gmail"), "Gmail"): Actual text and expected text of test object 'Object Repository/Page_Google/a_Gmail' are matched.

05-03-2025T22:05:05 - [MESSAGE][PASSED] - Actual text and expected text of test object 'Object Repository/Page_Google/a_Gmail' are matched.

05-03-2025T22:05:05 - [TEST_STEP][PASSED] - verifyElementPresent(findTestObject("Object Repository/Page_Google/a_Images"), 0): Object 'Object Repository/Page_Google/a_Images' is present

05-03-2025T22:05:05 - [MESSAGE][WARNING] - Timeout '0' is invalid. Using default page load timeout: '30'

05-03-2025T22:05:05 - [MESSAGE][PASSED] - Object 'Object Repository/Page_Google/a_Images' is present

05-03-2025T22:05:05 - [TEST_STEP][PASSED] - verifyElementVisible(findTestObject("Object Repository/Page_Google/a_Images_gb_B")): Object 'Object Repository/Page_Google/a_Images_gb_B' is visible

05-03-2025T22:05:06 - [MESSAGE][PASSED] - Object 'Object Repository/Page_Google/a_Images_gb_B' is visible]]></system-out>
         <system-err><![CDATA[]]></system-err>
      </testcase>
      <testcase name="Test Cases/New Test Case 33" time="58.621" classname="Test Cases/New Test Case 33" status="PASSED">
         <system-out><![CDATA[05-03-2025T22:05:06 - [TEST_CASE][PASSED] - Test Cases/New Test Case 33: Test Cases/New Test Case 33

05-03-2025T22:05:06 - [TEST_STEP][PASSED] - openBrowser(""): Browser is opened with url: ''

05-03-2025T22:05:06 - [MESSAGE][WARNING] - A browser is already opened. Closing browser and opening a new one

05-03-2025T22:05:06 - [MESSAGE][INFO] - Starting 'Chrome' driver

05-03-2025T22:05:06 - [MESSAGE][INFO] - Action delay is set to 0 milliseconds

05-03-2025T22:05:09 - [MESSAGE][PASSED] - Browser is opened with url: ''

05-03-2025T22:05:09 - [TEST_STEP][PASSED] - navigateToUrl("https://www.google.com/"): Navigate to 'https://www.google.com/' successfully

05-03-2025T22:06:03 - [MESSAGE][PASSED] - Navigate to 'https://www.google.com/' successfully

05-03-2025T22:06:03 - [TEST_STEP][PASSED] - verifyElementPresent(findTestObject("Object Repository/Page_Google/a_"), 0): Object 'Object Repository/Page_Google/a_' is present

05-03-2025T22:06:03 - [MESSAGE][WARNING] - Timeout '0' is invalid. Using default page load timeout: '30'

05-03-2025T22:06:04 - [MESSAGE][PASSED] - Object 'Object Repository/Page_Google/a_' is present

05-03-2025T22:06:04 - [TEST_STEP][PASSED] - verifyElementPresent(findTestObject("Object Repository/Page_Google/a__1"), 0): Object 'Object Repository/Page_Google/a__1' is present

05-03-2025T22:06:04 - [MESSAGE][WARNING] - Timeout '0' is invalid. Using default page load timeout: '30'

05-03-2025T22:06:04 - [MESSAGE][PASSED] - Object 'Object Repository/Page_Google/a__1' is present]]></system-out>
         <system-err><![CDATA[]]></system-err>
      </testcase>
      <testcase name="Test Cases/New Test Case34" time="26.944" classname="Test Cases/New Test Case34" status="PASSED">
         <system-out><![CDATA[05-03-2025T22:06:04 - [TEST_CASE][PASSED] - Test Cases/New Test Case34: Test Cases/New Test Case34

05-03-2025T22:06:04 - [TEST_STEP][PASSED] - openBrowser(""): Browser is opened with url: ''

05-03-2025T22:06:05 - [MESSAGE][WARNING] - A browser is already opened. Closing browser and opening a new one

05-03-2025T22:06:05 - [MESSAGE][INFO] - Starting 'Chrome' driver

05-03-2025T22:06:05 - [MESSAGE][INFO] - Action delay is set to 0 milliseconds

05-03-2025T22:06:08 - [MESSAGE][PASSED] - Browser is opened with url: ''

05-03-2025T22:06:08 - [TEST_STEP][PASSED] - navigateToUrl("https://www.google.com/"): Navigate to 'https://www.google.com/' successfully

05-03-2025T22:06:30 - [MESSAGE][PASSED] - Navigate to 'https://www.google.com/' successfully

05-03-2025T22:06:30 - [TEST_STEP][PASSED] - verifyElementPresent(findTestObject("Object Repository/Page_Google/a_"), 0): Object 'Object Repository/Page_Google/a_' is present

05-03-2025T22:06:30 - [MESSAGE][WARNING] - Timeout '0' is invalid. Using default page load timeout: '30'

05-03-2025T22:06:30 - [MESSAGE][PASSED] - Object 'Object Repository/Page_Google/a_' is present

05-03-2025T22:06:30 - [TEST_STEP][PASSED] - verifyElementPresent(findTestObject("Object Repository/Page_Google/a__1"), 0): Object 'Object Repository/Page_Google/a__1' is present

05-03-2025T22:06:30 - [MESSAGE][WARNING] - Timeout '0' is invalid. Using default page load timeout: '30'

05-03-2025T22:06:31 - [MESSAGE][PASSED] - Object 'Object Repository/Page_Google/a__1' is present

05-03-2025T22:06:31 - [TEST_STEP][PASSED] - verifyElementPresent(findTestObject("Object Repository/Page_Google/a__1_2"), 0): Object 'Object Repository/Page_Google/a__1_2' is present

05-03-2025T22:06:31 - [MESSAGE][WARNING] - Timeout '0' is invalid. Using default page load timeout: '30'

05-03-2025T22:06:31 - [MESSAGE][PASSED] - Object 'Object Repository/Page_Google/a__1_2' is present

05-03-2025T22:06:31 - [TEST_STEP][PASSED] - verifyElementPresent(findTestObject("Object Repository/Page_Google/a__1_2_3"), 0): Object 'Object Repository/Page_Google/a__1_2_3' is present

05-03-2025T22:06:31 - [MESSAGE][WARNING] - Timeout '0' is invalid. Using default page load timeout: '30'

05-03-2025T22:06:31 - [MESSAGE][PASSED] - Object 'Object Repository/Page_Google/a__1_2_3' is present]]></system-out>
         <system-err><![CDATA[]]></system-err>
      </testcase>
      <testcase name="Test Cases/New Test Case31" time="33.657" classname="Test Cases/New Test Case31" status="PASSED">
         <system-out><![CDATA[05-03-2025T22:06:31 - [TEST_CASE][PASSED] - Test Cases/New Test Case31: Test Cases/New Test Case31

05-03-2025T22:06:32 - [TEST_STEP][PASSED] - openBrowser(""): Browser is opened with url: ''

05-03-2025T22:06:32 - [MESSAGE][WARNING] - A browser is already opened. Closing browser and opening a new one

05-03-2025T22:06:32 - [MESSAGE][INFO] - Starting 'Chrome' driver

05-03-2025T22:06:32 - [MESSAGE][INFO] - Action delay is set to 0 milliseconds

05-03-2025T22:06:35 - [MESSAGE][PASSED] - Browser is opened with url: ''

05-03-2025T22:06:35 - [TEST_STEP][PASSED] - navigateToUrl("https://www.google.com/"): Navigate to 'https://www.google.com/' successfully

05-03-2025T22:06:55 - [MESSAGE][PASSED] - Navigate to 'https://www.google.com/' successfully

05-03-2025T22:06:55 - [TEST_STEP][PASSED] - setText(findTestObject("Object Repository/Page_Google/textarea_Sign in_q"), "testing"): Text 'testing' is set on object 'Object Repository/Page_Google/textarea_Sign in_q'

05-03-2025T22:06:56 - [MESSAGE][PASSED] - Text 'testing' is set on object 'Object Repository/Page_Google/textarea_Sign in_q'

05-03-2025T22:06:56 - [TEST_STEP][PASSED] - click(findTestObject("Object Repository/Page_Google/span_testing")): Object: 'Object Repository/Page_Google/span_testing' is clicked on

05-03-2025T22:06:57 - [MESSAGE][PASSED] - Object: 'Object Repository/Page_Google/span_testing' is clicked on

05-03-2025T22:06:57 - [TEST_STEP][PASSED] - closeBrowser(): Browser is closed

05-03-2025T22:07:05 - [MESSAGE][PASSED] - Browser is closed]]></system-out>
         <system-err><![CDATA[]]></system-err>
      </testcase>
      <testcase name="Test Cases/New Test Case 29" time="29.533" classname="Test Cases/New Test Case 29" status="PASSED">
         <system-out><![CDATA[05-03-2025T22:07:05 - [TEST_CASE][PASSED] - Test Cases/New Test Case 29: Test Cases/New Test Case 29

05-03-2025T22:07:05 - [TEST_STEP][PASSED] - openBrowser(""): Browser is opened with url: ''

05-03-2025T22:07:05 - [MESSAGE][INFO] - Starting 'Chrome' driver

05-03-2025T22:07:05 - [MESSAGE][INFO] - Action delay is set to 0 milliseconds

05-03-2025T22:07:07 - [MESSAGE][PASSED] - Browser is opened with url: ''

05-03-2025T22:07:07 - [TEST_STEP][PASSED] - navigateToUrl("https://www.google.com/"): Navigate to 'https://www.google.com/' successfully

05-03-2025T22:07:34 - [MESSAGE][PASSED] - Navigate to 'https://www.google.com/' successfully

05-03-2025T22:07:34 - [TEST_STEP][PASSED] - verifyElementPresent(findTestObject("Object Repository/Page_Google/a_About"), 0): Object 'Object Repository/Page_Google/a_About' is present

05-03-2025T22:07:34 - [MESSAGE][WARNING] - Timeout '0' is invalid. Using default page load timeout: '30'

05-03-2025T22:07:34 - [MESSAGE][PASSED] - Object 'Object Repository/Page_Google/a_About' is present

05-03-2025T22:07:34 - [TEST_STEP][PASSED] - verifyElementPresent(findTestObject("Object Repository/Page_Google/a_Store"), 0): Object 'Object Repository/Page_Google/a_Store' is present

05-03-2025T22:07:34 - [MESSAGE][WARNING] - Timeout '0' is invalid. Using default page load timeout: '30'

05-03-2025T22:07:34 - [MESSAGE][PASSED] - Object 'Object Repository/Page_Google/a_Store' is present]]></system-out>
         <system-err><![CDATA[]]></system-err>
      </testcase>
      <system-out><![CDATA[05-03-2025T22:03:20 - [TEST_SUITE][PASSED] - New Test Suite 17: Test Cases/New Test Case 29]]></system-out>
      <system-err><![CDATA[]]></system-err>
   </testsuite>
</testsuites>
