<?xml version="1.0" encoding="UTF-8"?>
<testsuites name="2 Test suite" time="32.188" tests="2" failures="0" errors="0">
   <testsuite name="2 Test suite" tests="2" failures="0" errors="0" time="32.188" skipped="0" timestamp="27-02-2025T20:19:10" hostname="Hp - DESKTOP-U08CQCA" id="Test Suites/2 Test suite">
      <properties>
         <property name="deviceName" value=""/>
         <property name="devicePlatform"/>
         <property name="logFolder" value="C:\\Users\\Hp\\git\\repo\\Reports\\20250227_201857\\2 Test suite\\20250227_201857"/>
         <property name="logFiles" value="C:\\Users\\Hp\\git\\repo\\Reports\\20250227_201857\\2 Test suite\\20250227_201857\\execution0.log"/>
         <property name="attachments" value=""/>
         <property name="hostName" value="Hp - DESKTOP-U08CQCA"/>
         <property name="os" value="Windows 10 64bit"/>
         <property name="katalonVersion" value="10.1.0.223"/>
         <property name="browser" value="Chrome 132.0.6834.160"/>
         <property name="hostAddress" value="192.168.1.21"/>
         <property name="sessionId" value="c3ca455337d390a7f96fc76a0a904551"/>
         <property name="seleniumVersion" value="4.22.0"/>
         <property name="proxyInformation" value="ProxyInformation { proxyOption=NO_PROXY, proxyServerType=HTTP, username=, password=********, proxyServerAddress=, proxyServerPort=0, executionList=&quot;&quot;, isApplyToDesiredCapabilities=true }"/>
         <property name="platform" value="Windows 10"/>
      </properties>
      <testcase name="Test Cases/Click on appointment" time="16.519" classname="Test Cases/Click on appointment" status="PASSED">
         <system-out><![CDATA[27-02-2025T20:19:10 - [TEST_CASE][PASSED] - Test Cases/Click on appointment: Test Cases/Click on appointment

27-02-2025T20:19:11 - [TEST_STEP][PASSED] - openBrowser(""): Browser is opened with url: ''

27-02-2025T20:19:12 - [MESSAGE][INFO] - Starting 'Chrome' driver

27-02-2025T20:19:12 - [MESSAGE][INFO] - Action delay is set to 0 milliseconds

27-02-2025T20:19:21 - [MESSAGE][PASSED] - Browser is opened with url: ''

27-02-2025T20:19:21 - [TEST_STEP][PASSED] - navigateToUrl("https://katalon-demo-cura.herokuapp.com/"): Navigate to 'https://katalon-demo-cura.herokuapp.com/' successfully

27-02-2025T20:19:24 - [MESSAGE][PASSED] - Navigate to 'https://katalon-demo-cura.herokuapp.com/' successfully

27-02-2025T20:19:24 - [TEST_STEP][PASSED] - click(findTestObject("Object Repository/Page_CURA Healthcare Service/a_Make Appointment")): Object: 'Object Repository/Page_CURA Healthcare Service/a_Make Appointment' is clicked on

27-02-2025T20:19:26 - [MESSAGE][PASSED] - Object: 'Object Repository/Page_CURA Healthcare Service/a_Make Appointment' is clicked on

27-02-2025T20:19:26 - [TEST_STEP][PASSED] - verifyElementPresent(findTestObject("Object Repository/Page_CURA Healthcare Service/h2_Login"), 0): Object 'Object Repository/Page_CURA Healthcare Service/h2_Login' is present

27-02-2025T20:19:26 - [MESSAGE][WARNING] - Timeout '0' is invalid. Using default page load timeout: '30'

27-02-2025T20:19:27 - [MESSAGE][PASSED] - Object 'Object Repository/Page_CURA Healthcare Service/h2_Login' is present]]></system-out>
         <system-err><![CDATA[]]></system-err>
      </testcase>
      <testcase name="Test Cases/Login positive" time="14.989" classname="Test Cases/Login positive" status="PASSED">
         <system-out><![CDATA[27-02-2025T20:19:27 - [TEST_CASE][PASSED] - Test Cases/Login positive: Test Cases/Login positive

27-02-2025T20:19:27 - [TEST_STEP][PASSED] - callTestCase(findTestCase("Click on appointment"), [:], STOP_ON_FAILURE): Call Test Case 'Test Cases/Click on appointment' successfully

27-02-2025T20:19:28 - [TEST_CASE][PASSED] - Test Cases/Click on appointment: Test Cases/Click on appointment

27-02-2025T20:19:28 - [TEST_STEP][PASSED] - openBrowser(""): Browser is opened with url: ''

27-02-2025T20:19:28 - [MESSAGE][WARNING] - A browser is already opened. Closing browser and opening a new one

27-02-2025T20:19:30 - [MESSAGE][INFO] - Starting 'Chrome' driver

27-02-2025T20:19:30 - [MESSAGE][INFO] - Action delay is set to 0 milliseconds

27-02-2025T20:19:33 - [MESSAGE][PASSED] - Browser is opened with url: ''

27-02-2025T20:19:33 - [TEST_STEP][PASSED] - navigateToUrl("https://katalon-demo-cura.herokuapp.com/"): Navigate to 'https://katalon-demo-cura.herokuapp.com/' successfully

27-02-2025T20:19:36 - [MESSAGE][PASSED] - Navigate to 'https://katalon-demo-cura.herokuapp.com/' successfully

27-02-2025T20:19:36 - [TEST_STEP][PASSED] - click(findTestObject("Object Repository/Page_CURA Healthcare Service/a_Make Appointment")): Object: 'Object Repository/Page_CURA Healthcare Service/a_Make Appointment' is clicked on

27-02-2025T20:19:37 - [MESSAGE][PASSED] - Object: 'Object Repository/Page_CURA Healthcare Service/a_Make Appointment' is clicked on

27-02-2025T20:19:37 - [TEST_STEP][PASSED] - verifyElementPresent(findTestObject("Object Repository/Page_CURA Healthcare Service/h2_Login"), 0): Object 'Object Repository/Page_CURA Healthcare Service/h2_Login' is present

27-02-2025T20:19:37 - [MESSAGE][WARNING] - Timeout '0' is invalid. Using default page load timeout: '30'

27-02-2025T20:19:37 - [MESSAGE][PASSED] - Object 'Object Repository/Page_CURA Healthcare Service/h2_Login' is present

27-02-2025T20:19:37 - [MESSAGE][PASSED] - Call Test Case 'Test Cases/Click on appointment' successfully

27-02-2025T20:19:37 - [TEST_STEP][PASSED] - setText(findTestObject("Object Repository/Page_CURA Healthcare Service/input_Username_username"), "John Doe"): Text 'John Doe' is set on object 'Object Repository/Page_CURA Healthcare Service/input_Username_username'

27-02-2025T20:19:38 - [MESSAGE][PASSED] - Text 'John Doe' is set on object 'Object Repository/Page_CURA Healthcare Service/input_Username_username'

27-02-2025T20:19:38 - [TEST_STEP][PASSED] - setEncryptedText(findTestObject("Object Repository/Page_CURA Healthcare Service/input_Password_password"), "g3/DOGG74jC3Flrr3yH+3D/yKbOqqUNM"): Text ****** has been set on object 'Object Repository/Page_CURA Healthcare Service/input_Password_password'

27-02-2025T20:19:40 - [MESSAGE][PASSED] - Text ****** has been set on object 'Object Repository/Page_CURA Healthcare Service/input_Password_password'

27-02-2025T20:19:40 - [TEST_STEP][PASSED] - click(findTestObject("Object Repository/Page_CURA Healthcare Service/button_Login")): Object: 'Object Repository/Page_CURA Healthcare Service/button_Login' is clicked on

27-02-2025T20:19:41 - [MESSAGE][PASSED] - Object: 'Object Repository/Page_CURA Healthcare Service/button_Login' is clicked on

27-02-2025T20:19:41 - [TEST_STEP][PASSED] - click(findTestObject("Object Repository/Page_CURA Healthcare Service/i_CURA Healthcare_fa fa-bars")): Object: 'Object Repository/Page_CURA Healthcare Service/i_CURA Healthcare_fa fa-bars' is clicked on

27-02-2025T20:19:41 - [MESSAGE][PASSED] - Object: 'Object Repository/Page_CURA Healthcare Service/i_CURA Healthcare_fa fa-bars' is clicked on

27-02-2025T20:19:41 - [TEST_STEP][PASSED] - verifyElementPresent(findTestObject("Object Repository/Page_CURA Healthcare Service/a_Logout"), 0): Object 'Object Repository/Page_CURA Healthcare Service/a_Logout' is present

27-02-2025T20:19:41 - [MESSAGE][WARNING] - Timeout '0' is invalid. Using default page load timeout: '30'

27-02-2025T20:19:42 - [MESSAGE][PASSED] - Object 'Object Repository/Page_CURA Healthcare Service/a_Logout' is present]]></system-out>
         <system-err><![CDATA[]]></system-err>
      </testcase>
      <system-out><![CDATA[27-02-2025T20:19:10 - [TEST_SUITE][PASSED] - 2 Test suite: Test Cases/Login positive]]></system-out>
      <system-err><![CDATA[]]></system-err>
   </testsuite>
</testsuites>
