<?xml version="1.0" encoding="UTF-8"?>
<testsuites name="New Test Suite 15" time="233.034" tests="3" failures="0" errors="0">
   <testsuite name="New Test Suite 15" tests="3" failures="0" errors="0" time="233.034" skipped="0" timestamp="03-03-2025T20:25:28" hostname="Hp - DESKTOP-U08CQCA" id="Test Suites/New Test Suite 15">
      <properties>
         <property name="deviceName" value=""/>
         <property name="devicePlatform"/>
         <property name="logFolder" value="C:\\Users\\Hp\\git\\repo\\Reports\\20250303_202406\\New Test Suite 15\\20250303_202406"/>
         <property name="logFiles" value="C:\\Users\\Hp\\git\\repo\\Reports\\20250303_202406\\New Test Suite 15\\20250303_202406\\execution0.log"/>
         <property name="attachments" value=""/>
         <property name="hostName" value="Hp - DESKTOP-U08CQCA"/>
         <property name="os" value="Windows 10 64bit"/>
         <property name="katalonVersion" value="10.1.0.223"/>
         <property name="browser" value="Chrome 132.0.6834.160"/>
         <property name="hostAddress" value="192.168.1.21"/>
         <property name="sessionId" value="afb4f50714cc2e828dfba9ab36a26b80"/>
         <property name="seleniumVersion" value="4.22.0"/>
         <property name="proxyInformation" value="ProxyInformation { proxyOption=NO_PROXY, proxyServerType=HTTP, username=, password=********, proxyServerAddress=, proxyServerPort=0, executionList=&quot;&quot;, isApplyToDesiredCapabilities=true }"/>
         <property name="platform" value="Windows 10"/>
      </properties>
      <testcase name="Test Cases/TestCase 25" time="110.248" classname="Test Cases/TestCase 25" status="PASSED">
         <system-out><![CDATA[03-03-2025T20:25:29 - [TEST_CASE][PASSED] - Test Cases/TestCase 25: Test Cases/TestCase 25

03-03-2025T20:25:30 - [TEST_STEP][PASSED] - callTestCase(findTestCase("Login positive"), ["username":"John Doe"], STOP_ON_FAILURE): Call Test Case 'Test Cases/Login positive' successfully

03-03-2025T20:25:30 - [TEST_CASE][PASSED] - Test Cases/Login positive: Test Cases/Login positive

03-03-2025T20:25:30 - [TEST_STEP][PASSED] - callTestCase(findTestCase("Click on appointment"), [:], STOP_ON_FAILURE): Call Test Case 'Test Cases/Click on appointment' successfully

03-03-2025T20:25:31 - [TEST_CASE][PASSED] - Test Cases/Click on appointment: Test Cases/Click on appointment

03-03-2025T20:25:31 - [TEST_STEP][PASSED] - openBrowser(""): Browser is opened with url: ''

03-03-2025T20:25:31 - [MESSAGE][INFO] - Starting 'Chrome' driver

03-03-2025T20:25:32 - [MESSAGE][INFO] - Action delay is set to 0 milliseconds

03-03-2025T20:25:42 - [MESSAGE][PASSED] - Browser is opened with url: ''

03-03-2025T20:25:42 - [TEST_STEP][PASSED] - navigateToUrl("https://katalon-demo-cura.herokuapp.com/"): Navigate to 'https://katalon-demo-cura.herokuapp.com/' successfully

03-03-2025T20:26:31 - [MESSAGE][PASSED] - Navigate to 'https://katalon-demo-cura.herokuapp.com/' successfully

03-03-2025T20:26:31 - [TEST_STEP][PASSED] - click(findTestObject("Object Repository/Page_CURA Healthcare Service/a_Make Appointment")): Object: 'Object Repository/Page_CURA Healthcare Service/a_Make Appointment' is clicked on

03-03-2025T20:26:57 - [MESSAGE][PASSED] - Object: 'Object Repository/Page_CURA Healthcare Service/a_Make Appointment' is clicked on

03-03-2025T20:26:57 - [TEST_STEP][PASSED] - verifyElementPresent(findTestObject("Object Repository/Page_CURA Healthcare Service/h2_Login"), 0): Object 'Object Repository/Page_CURA Healthcare Service/h2_Login' is present

03-03-2025T20:26:57 - [MESSAGE][WARNING] - Timeout '0' is invalid. Using default page load timeout: '30'

03-03-2025T20:26:57 - [MESSAGE][PASSED] - Object 'Object Repository/Page_CURA Healthcare Service/h2_Login' is present

03-03-2025T20:26:57 - [MESSAGE][PASSED] - Call Test Case 'Test Cases/Click on appointment' successfully

03-03-2025T20:26:57 - [TEST_STEP][PASSED] - setText(findTestObject("Object Repository/Page_CURA Healthcare Service/input_Username_username"), username): Text 'John Doe' is set on object 'Object Repository/Page_CURA Healthcare Service/input_Username_username'

03-03-2025T20:26:58 - [MESSAGE][PASSED] - Text 'John Doe' is set on object 'Object Repository/Page_CURA Healthcare Service/input_Username_username'

03-03-2025T20:26:58 - [TEST_STEP][PASSED] - setEncryptedText(findTestObject("Object Repository/Page_CURA Healthcare Service/input_Password_password"), "g3/DOGG74jC3Flrr3yH+3D/yKbOqqUNM"): Text ****** has been set on object 'Object Repository/Page_CURA Healthcare Service/input_Password_password'

03-03-2025T20:26:59 - [MESSAGE][PASSED] - Text ****** has been set on object 'Object Repository/Page_CURA Healthcare Service/input_Password_password'

03-03-2025T20:26:59 - [TEST_STEP][PASSED] - click(findTestObject("Object Repository/Page_CURA Healthcare Service/button_Login")): Object: 'Object Repository/Page_CURA Healthcare Service/button_Login' is clicked on

03-03-2025T20:27:18 - [MESSAGE][PASSED] - Object: 'Object Repository/Page_CURA Healthcare Service/button_Login' is clicked on

03-03-2025T20:27:18 - [TEST_STEP][PASSED] - click(findTestObject("Object Repository/Page_CURA Healthcare Service/i_CURA Healthcare_fa fa-bars")): Object: 'Object Repository/Page_CURA Healthcare Service/i_CURA Healthcare_fa fa-bars' is clicked on

03-03-2025T20:27:19 - [MESSAGE][PASSED] - Object: 'Object Repository/Page_CURA Healthcare Service/i_CURA Healthcare_fa fa-bars' is clicked on

03-03-2025T20:27:19 - [TEST_STEP][PASSED] - verifyElementPresent(findTestObject("Object Repository/Page_CURA Healthcare Service/a_Logout"), 0): Object 'Object Repository/Page_CURA Healthcare Service/a_Logout' is present

03-03-2025T20:27:19 - [MESSAGE][WARNING] - Timeout '0' is invalid. Using default page load timeout: '30'

03-03-2025T20:27:19 - [MESSAGE][PASSED] - Object 'Object Repository/Page_CURA Healthcare Service/a_Logout' is present

03-03-2025T20:27:19 - [MESSAGE][PASSED] - Call Test Case 'Test Cases/Login positive' successfully]]></system-out>
         <system-err><![CDATA[]]></system-err>
      </testcase>
      <testcase name="Test Cases/Test case 26" time="24.72" classname="Test Cases/Test case 26" status="PASSED">
         <system-out><![CDATA[03-03-2025T20:27:19 - [TEST_CASE][PASSED] - Test Cases/Test case 26: Test Cases/Test case 26

03-03-2025T20:27:19 - [TEST_STEP][PASSED] - openBrowser(""): Browser is opened with url: ''

03-03-2025T20:27:19 - [MESSAGE][WARNING] - A browser is already opened. Closing browser and opening a new one

03-03-2025T20:27:20 - [MESSAGE][INFO] - Starting 'Chrome' driver

03-03-2025T20:27:20 - [MESSAGE][INFO] - Action delay is set to 0 milliseconds

03-03-2025T20:27:23 - [MESSAGE][PASSED] - Browser is opened with url: ''

03-03-2025T20:27:23 - [TEST_STEP][PASSED] - navigateToUrl("https://katalon-demo-cura.herokuapp.com/"): Navigate to 'https://katalon-demo-cura.herokuapp.com/' successfully

03-03-2025T20:27:40 - [MESSAGE][PASSED] - Navigate to 'https://katalon-demo-cura.herokuapp.com/' successfully

03-03-2025T20:27:40 - [TEST_STEP][PASSED] - click(findTestObject("Object Repository/Page_CURA Healthcare Service/a_Make Appointment")): Object: 'Object Repository/Page_CURA Healthcare Service/a_Make Appointment' is clicked on

03-03-2025T20:27:43 - [MESSAGE][PASSED] - Object: 'Object Repository/Page_CURA Healthcare Service/a_Make Appointment' is clicked on

03-03-2025T20:27:43 - [TEST_STEP][PASSED] - verifyElementPresent(findTestObject("Object Repository/Page_CURA Healthcare Service/strong_CURA Healthcare Service"), 0): Object 'Object Repository/Page_CURA Healthcare Service/strong_CURA Healthcare Service' is present

03-03-2025T20:27:43 - [MESSAGE][WARNING] - Timeout '0' is invalid. Using default page load timeout: '30'

03-03-2025T20:27:43 - [MESSAGE][PASSED] - Object 'Object Repository/Page_CURA Healthcare Service/strong_CURA Healthcare Service' is present

03-03-2025T20:27:43 - [TEST_STEP][PASSED] - verifyElementPresent(findTestObject("Object Repository/Page_CURA Healthcare Service/p_Atlanta 550 Pharr Road NE Suite 525Atlant_8f4c85"), 0): Object 'Object Repository/Page_CURA Healthcare Service/p_Atlanta 550 Pharr Road NE Suite 525Atlant_8f4c85' is present

03-03-2025T20:27:43 - [MESSAGE][WARNING] - Timeout '0' is invalid. Using default page load timeout: '30'

03-03-2025T20:27:43 - [MESSAGE][PASSED] - Object 'Object Repository/Page_CURA Healthcare Service/p_Atlanta 550 Pharr Road NE Suite 525Atlant_8f4c85' is present

03-03-2025T20:27:43 - [TEST_STEP][PASSED] - closeBrowser(): Browser is closed

03-03-2025T20:27:44 - [MESSAGE][PASSED] - Browser is closed]]></system-out>
         <system-err><![CDATA[]]></system-err>
      </testcase>
      <testcase name="Test Cases/Test Case 27" time="97.543" classname="Test Cases/Test Case 27" status="PASSED">
         <system-out><![CDATA[03-03-2025T20:27:44 - [TEST_CASE][PASSED] - Test Cases/Test Case 27: Test Cases/Test Case 27

03-03-2025T20:27:44 - [TEST_STEP][PASSED] - openBrowser(""): Browser is opened with url: ''

03-03-2025T20:27:44 - [MESSAGE][INFO] - Starting 'Chrome' driver

03-03-2025T20:27:44 - [MESSAGE][INFO] - Action delay is set to 0 milliseconds

03-03-2025T20:27:46 - [MESSAGE][PASSED] - Browser is opened with url: ''

03-03-2025T20:27:46 - [TEST_STEP][PASSED] - navigateToUrl("https://katalon-demo-cura.herokuapp.com/"): Navigate to 'https://katalon-demo-cura.herokuapp.com/' successfully

03-03-2025T20:28:59 - [MESSAGE][PASSED] - Navigate to 'https://katalon-demo-cura.herokuapp.com/' successfully

03-03-2025T20:28:59 - [TEST_STEP][PASSED] - click(findTestObject("Object Repository/Page_CURA Healthcare Service/a_Make Appointment")): Object: 'Object Repository/Page_CURA Healthcare Service/a_Make Appointment' is clicked on

03-03-2025T20:29:19 - [MESSAGE][PASSED] - Object: 'Object Repository/Page_CURA Healthcare Service/a_Make Appointment' is clicked on

03-03-2025T20:29:19 - [TEST_STEP][PASSED] - verifyElementPresent(findTestObject("Object Repository/Page_CURA Healthcare Service/i_infokatalon.com_fa fa-facebook fa-fw fa-3x"), 0): Object 'Object Repository/Page_CURA Healthcare Service/i_infokatalon.com_fa fa-facebook fa-fw fa-3x' is present

03-03-2025T20:29:19 - [MESSAGE][WARNING] - Timeout '0' is invalid. Using default page load timeout: '30'

03-03-2025T20:29:20 - [MESSAGE][PASSED] - Object 'Object Repository/Page_CURA Healthcare Service/i_infokatalon.com_fa fa-facebook fa-fw fa-3x' is present

03-03-2025T20:29:20 - [TEST_STEP][PASSED] - rightClick(findTestObject("Object Repository/Page_CURA Healthcare Service/i_infokatalon.com_fa fa-dribbble fa-fw fa-3x")): Object: 'Object Repository/Page_CURA Healthcare Service/i_infokatalon.com_fa fa-dribbble fa-fw fa-3x' is right clicked on

03-03-2025T20:29:21 - [MESSAGE][PASSED] - Object: 'Object Repository/Page_CURA Healthcare Service/i_infokatalon.com_fa fa-dribbble fa-fw fa-3x' is right clicked on

03-03-2025T20:29:21 - [TEST_STEP][PASSED] - verifyElementPresent(findTestObject("Object Repository/Page_CURA Healthcare Service/i_infokatalon.com_fa fa-dribbble fa-fw fa-3x"), 0): Object 'Object Repository/Page_CURA Healthcare Service/i_infokatalon.com_fa fa-dribbble fa-fw fa-3x' is present

03-03-2025T20:29:21 - [MESSAGE][WARNING] - Timeout '0' is invalid. Using default page load timeout: '30'

03-03-2025T20:29:21 - [MESSAGE][PASSED] - Object 'Object Repository/Page_CURA Healthcare Service/i_infokatalon.com_fa fa-dribbble fa-fw fa-3x' is present

03-03-2025T20:29:21 - [TEST_STEP][PASSED] - closeBrowser(): Browser is closed

03-03-2025T20:29:21 - [MESSAGE][PASSED] - Browser is closed]]></system-out>
         <system-err><![CDATA[]]></system-err>
      </testcase>
      <system-out><![CDATA[03-03-2025T20:25:28 - [TEST_SUITE][PASSED] - New Test Suite 15: Test Cases/Test Case 27]]></system-out>
      <system-err><![CDATA[]]></system-err>
   </testsuite>
</testsuites>
