<?xml version="1.0" encoding="UTF-8"?>
<testsuites name="5 Test Suite" time="122.814" tests="2" failures="0" errors="0">
   <testsuite name="5 Test Suite" tests="2" failures="0" errors="0" time="122.814" skipped="0" timestamp="27-02-2025T21:46:10" hostname="Hp - DESKTOP-U08CQCA" id="Test Suites/5 Test Suite">
      <properties>
         <property name="deviceName" value=""/>
         <property name="devicePlatform"/>
         <property name="logFolder" value="C:\\Users\\Hp\\git\\repo\\Reports\\20250227_214559\\5 Test Suite\\20250227_214559"/>
         <property name="logFiles" value="C:\\Users\\Hp\\git\\repo\\Reports\\20250227_214559\\5 Test Suite\\20250227_214559\\execution0.log"/>
         <property name="attachments" value=""/>
         <property name="hostName" value="Hp - DESKTOP-U08CQCA"/>
         <property name="os" value="Windows 10 64bit"/>
         <property name="katalonVersion" value="10.1.0.223"/>
         <property name="browser" value="Chrome 132.0.6834.160"/>
         <property name="hostAddress" value="192.168.1.21"/>
         <property name="sessionId" value="2889661e2c8f05b40a1f634a16e932c4"/>
         <property name="seleniumVersion" value="4.22.0"/>
         <property name="proxyInformation" value="ProxyInformation { proxyOption=NO_PROXY, proxyServerType=HTTP, username=, password=********, proxyServerAddress=, proxyServerPort=0, executionList=&quot;&quot;, isApplyToDesiredCapabilities=true }"/>
         <property name="platform" value="Windows 10"/>
      </properties>
      <testcase name="Test Cases/Logout" time="101.084" classname="Test Cases/Logout" status="PASSED">
         <system-out><![CDATA[27-02-2025T21:46:10 - [TEST_CASE][PASSED] - Test Cases/Logout: Test Cases/Logout

27-02-2025T21:46:11 - [TEST_STEP][PASSED] - callTestCase(findTestCase("Login positive"), [:], STOP_ON_FAILURE): Call Test Case 'Test Cases/Login positive' successfully

27-02-2025T21:46:11 - [TEST_CASE][PASSED] - Test Cases/Login positive: Test Cases/Login positive

27-02-2025T21:46:12 - [TEST_STEP][PASSED] - callTestCase(findTestCase("Click on appointment"), [:], STOP_ON_FAILURE): Call Test Case 'Test Cases/Click on appointment' successfully

27-02-2025T21:46:12 - [TEST_CASE][PASSED] - Test Cases/Click on appointment: Test Cases/Click on appointment

27-02-2025T21:46:12 - [TEST_STEP][PASSED] - openBrowser(""): Browser is opened with url: ''

27-02-2025T21:46:13 - [MESSAGE][INFO] - Starting 'Chrome' driver

27-02-2025T21:46:13 - [MESSAGE][INFO] - Action delay is set to 0 milliseconds

27-02-2025T21:46:23 - [MESSAGE][PASSED] - Browser is opened with url: ''

27-02-2025T21:46:23 - [TEST_STEP][PASSED] - navigateToUrl("https://katalon-demo-cura.herokuapp.com/"): Navigate to 'https://katalon-demo-cura.herokuapp.com/' successfully

27-02-2025T21:47:38 - [MESSAGE][PASSED] - Navigate to 'https://katalon-demo-cura.herokuapp.com/' successfully

27-02-2025T21:47:38 - [TEST_STEP][PASSED] - click(findTestObject("Object Repository/Page_CURA Healthcare Service/a_Make Appointment")): Object: 'Object Repository/Page_CURA Healthcare Service/a_Make Appointment' is clicked on

27-02-2025T21:47:40 - [MESSAGE][PASSED] - Object: 'Object Repository/Page_CURA Healthcare Service/a_Make Appointment' is clicked on

27-02-2025T21:47:40 - [TEST_STEP][PASSED] - verifyElementPresent(findTestObject("Object Repository/Page_CURA Healthcare Service/h2_Login"), 0): Object 'Object Repository/Page_CURA Healthcare Service/h2_Login' is present

27-02-2025T21:47:41 - [MESSAGE][WARNING] - Timeout '0' is invalid. Using default page load timeout: '30'

27-02-2025T21:47:41 - [MESSAGE][PASSED] - Object 'Object Repository/Page_CURA Healthcare Service/h2_Login' is present

27-02-2025T21:47:41 - [MESSAGE][PASSED] - Call Test Case 'Test Cases/Click on appointment' successfully

27-02-2025T21:47:41 - [TEST_STEP][PASSED] - setText(findTestObject("Object Repository/Page_CURA Healthcare Service/input_Username_username"), "John Doe"): Text 'John Doe' is set on object 'Object Repository/Page_CURA Healthcare Service/input_Username_username'

27-02-2025T21:47:42 - [MESSAGE][PASSED] - Text 'John Doe' is set on object 'Object Repository/Page_CURA Healthcare Service/input_Username_username'

27-02-2025T21:47:42 - [TEST_STEP][PASSED] - setEncryptedText(findTestObject("Object Repository/Page_CURA Healthcare Service/input_Password_password"), "g3/DOGG74jC3Flrr3yH+3D/yKbOqqUNM"): Text ****** has been set on object 'Object Repository/Page_CURA Healthcare Service/input_Password_password'

27-02-2025T21:47:43 - [MESSAGE][PASSED] - Text ****** has been set on object 'Object Repository/Page_CURA Healthcare Service/input_Password_password'

27-02-2025T21:47:43 - [TEST_STEP][PASSED] - click(findTestObject("Object Repository/Page_CURA Healthcare Service/button_Login")): Object: 'Object Repository/Page_CURA Healthcare Service/button_Login' is clicked on

27-02-2025T21:47:46 - [MESSAGE][PASSED] - Object: 'Object Repository/Page_CURA Healthcare Service/button_Login' is clicked on

27-02-2025T21:47:46 - [TEST_STEP][PASSED] - click(findTestObject("Object Repository/Page_CURA Healthcare Service/i_CURA Healthcare_fa fa-bars")): Object: 'Object Repository/Page_CURA Healthcare Service/i_CURA Healthcare_fa fa-bars' is clicked on

27-02-2025T21:47:47 - [MESSAGE][PASSED] - Object: 'Object Repository/Page_CURA Healthcare Service/i_CURA Healthcare_fa fa-bars' is clicked on

27-02-2025T21:47:47 - [TEST_STEP][PASSED] - verifyElementPresent(findTestObject("Object Repository/Page_CURA Healthcare Service/a_Logout"), 0): Object 'Object Repository/Page_CURA Healthcare Service/a_Logout' is present

27-02-2025T21:47:47 - [MESSAGE][WARNING] - Timeout '0' is invalid. Using default page load timeout: '30'

27-02-2025T21:47:47 - [MESSAGE][PASSED] - Object 'Object Repository/Page_CURA Healthcare Service/a_Logout' is present

27-02-2025T21:47:47 - [MESSAGE][PASSED] - Call Test Case 'Test Cases/Login positive' successfully

27-02-2025T21:47:47 - [TEST_STEP][PASSED] - click(findTestObject("Object Repository/Page_CURA Healthcare Service/i_CURA Healthcare_fa fa-bars")): Object: 'Object Repository/Page_CURA Healthcare Service/i_CURA Healthcare_fa fa-bars' is clicked on

27-02-2025T21:47:48 - [MESSAGE][PASSED] - Object: 'Object Repository/Page_CURA Healthcare Service/i_CURA Healthcare_fa fa-bars' is clicked on

27-02-2025T21:47:48 - [TEST_STEP][PASSED] - click(findTestObject("Object Repository/Page_CURA Healthcare Service/a_CURA Healthcare_menu-toggle")): Object: 'Object Repository/Page_CURA Healthcare Service/a_CURA Healthcare_menu-toggle' is clicked on

27-02-2025T21:47:48 - [MESSAGE][PASSED] - Object: 'Object Repository/Page_CURA Healthcare Service/a_CURA Healthcare_menu-toggle' is clicked on

27-02-2025T21:47:49 - [TEST_STEP][PASSED] - click(findTestObject("Object Repository/Page_CURA Healthcare Service/a_Logout")): Object: 'Object Repository/Page_CURA Healthcare Service/a_Logout' is clicked on

27-02-2025T21:47:50 - [MESSAGE][PASSED] - Object: 'Object Repository/Page_CURA Healthcare Service/a_Logout' is clicked on

27-02-2025T21:47:50 - [TEST_STEP][PASSED] - navigateToUrl("https://katalon-demo-cura.herokuapp.com/"): Navigate to 'https://katalon-demo-cura.herokuapp.com/' successfully

27-02-2025T21:47:50 - [MESSAGE][PASSED] - Navigate to 'https://katalon-demo-cura.herokuapp.com/' successfully

27-02-2025T21:47:50 - [TEST_STEP][PASSED] - click(findTestObject("Object Repository/Page_CURA Healthcare Service/i_CURA Healthcare_fa fa-bars")): Object: 'Object Repository/Page_CURA Healthcare Service/i_CURA Healthcare_fa fa-bars' is clicked on

27-02-2025T21:47:51 - [MESSAGE][PASSED] - Object: 'Object Repository/Page_CURA Healthcare Service/i_CURA Healthcare_fa fa-bars' is clicked on

27-02-2025T21:47:51 - [TEST_STEP][PASSED] - verifyElementPresent(findTestObject("Object Repository/Page_CURA Healthcare Service/a_Login"), 0): Object 'Object Repository/Page_CURA Healthcare Service/a_Login' is present

27-02-2025T21:47:51 - [MESSAGE][WARNING] - Timeout '0' is invalid. Using default page load timeout: '30'

27-02-2025T21:47:51 - [MESSAGE][PASSED] - Object 'Object Repository/Page_CURA Healthcare Service/a_Login' is present

27-02-2025T21:47:51 - [TEST_STEP][PASSED] - closeBrowser(): Browser is closed

27-02-2025T21:47:52 - [MESSAGE][PASSED] - Browser is closed]]></system-out>
         <system-err><![CDATA[]]></system-err>
      </testcase>
      <testcase name="Test Cases/Verify appointment page" time="21.215" classname="Test Cases/Verify appointment page" status="PASSED">
         <system-out><![CDATA[27-02-2025T21:47:52 - [TEST_CASE][PASSED] - Test Cases/Verify appointment page: Test Cases/Verify appointment page

27-02-2025T21:47:52 - [TEST_STEP][PASSED] - callTestCase(findTestCase("Login positive"), [:], STOP_ON_FAILURE): Call Test Case 'Test Cases/Login positive' successfully

27-02-2025T21:47:52 - [TEST_CASE][PASSED] - Test Cases/Login positive: Test Cases/Login positive

27-02-2025T21:47:52 - [TEST_STEP][PASSED] - callTestCase(findTestCase("Click on appointment"), [:], STOP_ON_FAILURE): Call Test Case 'Test Cases/Click on appointment' successfully

27-02-2025T21:47:52 - [TEST_CASE][PASSED] - Test Cases/Click on appointment: Test Cases/Click on appointment

27-02-2025T21:47:52 - [TEST_STEP][PASSED] - openBrowser(""): Browser is opened with url: ''

27-02-2025T21:47:52 - [MESSAGE][INFO] - Starting 'Chrome' driver

27-02-2025T21:47:52 - [MESSAGE][INFO] - Action delay is set to 0 milliseconds

27-02-2025T21:47:55 - [MESSAGE][PASSED] - Browser is opened with url: ''

27-02-2025T21:47:55 - [TEST_STEP][PASSED] - navigateToUrl("https://katalon-demo-cura.herokuapp.com/"): Navigate to 'https://katalon-demo-cura.herokuapp.com/' successfully

27-02-2025T21:48:05 - [MESSAGE][PASSED] - Navigate to 'https://katalon-demo-cura.herokuapp.com/' successfully

27-02-2025T21:48:05 - [TEST_STEP][PASSED] - click(findTestObject("Object Repository/Page_CURA Healthcare Service/a_Make Appointment")): Object: 'Object Repository/Page_CURA Healthcare Service/a_Make Appointment' is clicked on

27-02-2025T21:48:06 - [MESSAGE][PASSED] - Object: 'Object Repository/Page_CURA Healthcare Service/a_Make Appointment' is clicked on

27-02-2025T21:48:06 - [TEST_STEP][PASSED] - verifyElementPresent(findTestObject("Object Repository/Page_CURA Healthcare Service/h2_Login"), 0): Object 'Object Repository/Page_CURA Healthcare Service/h2_Login' is present

27-02-2025T21:48:06 - [MESSAGE][WARNING] - Timeout '0' is invalid. Using default page load timeout: '30'

27-02-2025T21:48:06 - [MESSAGE][PASSED] - Object 'Object Repository/Page_CURA Healthcare Service/h2_Login' is present

27-02-2025T21:48:06 - [MESSAGE][PASSED] - Call Test Case 'Test Cases/Click on appointment' successfully

27-02-2025T21:48:06 - [TEST_STEP][PASSED] - setText(findTestObject("Object Repository/Page_CURA Healthcare Service/input_Username_username"), "John Doe"): Text 'John Doe' is set on object 'Object Repository/Page_CURA Healthcare Service/input_Username_username'

27-02-2025T21:48:07 - [MESSAGE][PASSED] - Text 'John Doe' is set on object 'Object Repository/Page_CURA Healthcare Service/input_Username_username'

27-02-2025T21:48:07 - [TEST_STEP][PASSED] - setEncryptedText(findTestObject("Object Repository/Page_CURA Healthcare Service/input_Password_password"), "g3/DOGG74jC3Flrr3yH+3D/yKbOqqUNM"): Text ****** has been set on object 'Object Repository/Page_CURA Healthcare Service/input_Password_password'

27-02-2025T21:48:08 - [MESSAGE][PASSED] - Text ****** has been set on object 'Object Repository/Page_CURA Healthcare Service/input_Password_password'

27-02-2025T21:48:08 - [TEST_STEP][PASSED] - click(findTestObject("Object Repository/Page_CURA Healthcare Service/button_Login")): Object: 'Object Repository/Page_CURA Healthcare Service/button_Login' is clicked on

27-02-2025T21:48:10 - [MESSAGE][PASSED] - Object: 'Object Repository/Page_CURA Healthcare Service/button_Login' is clicked on

27-02-2025T21:48:10 - [TEST_STEP][PASSED] - click(findTestObject("Object Repository/Page_CURA Healthcare Service/i_CURA Healthcare_fa fa-bars")): Object: 'Object Repository/Page_CURA Healthcare Service/i_CURA Healthcare_fa fa-bars' is clicked on

27-02-2025T21:48:10 - [MESSAGE][PASSED] - Object: 'Object Repository/Page_CURA Healthcare Service/i_CURA Healthcare_fa fa-bars' is clicked on

27-02-2025T21:48:10 - [TEST_STEP][PASSED] - verifyElementPresent(findTestObject("Object Repository/Page_CURA Healthcare Service/a_Logout"), 0): Object 'Object Repository/Page_CURA Healthcare Service/a_Logout' is present

27-02-2025T21:48:10 - [MESSAGE][WARNING] - Timeout '0' is invalid. Using default page load timeout: '30'

27-02-2025T21:48:11 - [MESSAGE][PASSED] - Object 'Object Repository/Page_CURA Healthcare Service/a_Logout' is present

27-02-2025T21:48:11 - [MESSAGE][PASSED] - Call Test Case 'Test Cases/Login positive' successfully

27-02-2025T21:48:11 - [TEST_STEP][PASSED] - verifyElementText(findTestObject("Object Repository/Page_CURA Healthcare Service/h2_Make Appointment"), "Make Appointment"): Actual text and expected text of test object 'Object Repository/Page_CURA Healthcare Service/h2_Make Appointment' are matched.

27-02-2025T21:48:11 - [MESSAGE][PASSED] - Actual text and expected text of test object 'Object Repository/Page_CURA Healthcare Service/h2_Make Appointment' are matched.

27-02-2025T21:48:11 - [TEST_STEP][PASSED] - verifyElementPresent(findTestObject("Object Repository/Page_CURA Healthcare Service/select_Tokyo CURA Healthcare Center        _5b4107"), 0): Object 'Object Repository/Page_CURA Healthcare Service/select_Tokyo CURA Healthcare Center        _5b4107' is present

27-02-2025T21:48:11 - [MESSAGE][WARNING] - Timeout '0' is invalid. Using default page load timeout: '30'

27-02-2025T21:48:12 - [MESSAGE][PASSED] - Object 'Object Repository/Page_CURA Healthcare Service/select_Tokyo CURA Healthcare Center        _5b4107' is present

27-02-2025T21:48:12 - [TEST_STEP][PASSED] - verifyElementClickable(findTestObject("Object Repository/Page_CURA Healthcare Service/input_Apply for hospital readmission_hospit_63901f")): Object 'Object Repository/Page_CURA Healthcare Service/input_Apply for hospital readmission_hospit_63901f' is clickable

27-02-2025T21:48:12 - [MESSAGE][PASSED] - Object 'Object Repository/Page_CURA Healthcare Service/input_Apply for hospital readmission_hospit_63901f' is clickable

27-02-2025T21:48:12 - [TEST_STEP][PASSED] - verifyElementPresent(findTestObject("Object Repository/Page_CURA Healthcare Service/input_Visit Date (Required)_visit_date"), 0): Object 'Object Repository/Page_CURA Healthcare Service/input_Visit Date (Required)_visit_date' is present

27-02-2025T21:48:12 - [MESSAGE][WARNING] - Timeout '0' is invalid. Using default page load timeout: '30'

27-02-2025T21:48:12 - [MESSAGE][PASSED] - Object 'Object Repository/Page_CURA Healthcare Service/input_Visit Date (Required)_visit_date' is present

27-02-2025T21:48:12 - [TEST_STEP][PASSED] - verifyElementPresent(findTestObject("Object Repository/Page_CURA Healthcare Service/button_Book Appointment"), 0): Object 'Object Repository/Page_CURA Healthcare Service/button_Book Appointment' is present

27-02-2025T21:48:12 - [MESSAGE][WARNING] - Timeout '0' is invalid. Using default page load timeout: '30'

27-02-2025T21:48:13 - [MESSAGE][PASSED] - Object 'Object Repository/Page_CURA Healthcare Service/button_Book Appointment' is present]]></system-out>
         <system-err><![CDATA[]]></system-err>
      </testcase>
      <system-out><![CDATA[27-02-2025T21:46:10 - [TEST_SUITE][PASSED] - 5 Test Suite: Test Cases/Verify appointment page]]></system-out>
      <system-err><![CDATA[]]></system-err>
   </testsuite>
</testsuites>
