<?xml version="1.0" encoding="UTF-8"?>
<testsuites name="Test Suite Collection 1" time="95.293" tests="4" failures="0" errors="0">
   <testsuite name="1 Test Suite" tests="2" failures="0" errors="0" time="32.02" skipped="0" timestamp="27-02-2025T20:23:04" hostname="Hp - DESKTOP-U08CQCA" id="Test Suites/1 Test Suite">
      <properties>
         <property name="deviceName" value=""/>
         <property name="devicePlatform"/>
         <property name="logFolder" value="C:\\Users\\Hp\\git\\repo\\Reports\\20250227_202246\\1 Test Suite\\20250227_202247"/>
         <property name="logFiles" value="C:\\Users\\Hp\\git\\repo\\Reports\\20250227_202246\\1 Test Suite\\20250227_202247\\execution0.log"/>
         <property name="attachments" value=""/>
         <property name="hostName" value="Hp - DESKTOP-U08CQCA"/>
         <property name="os" value="Windows 10 64bit"/>
         <property name="katalonVersion" value="10.1.0.223"/>
         <property name="browser" value="Chrome 132.0.6834.160"/>
         <property name="hostAddress" value="192.168.1.21"/>
         <property name="sessionId" value="4c620a9ca41978613f685e540b647232"/>
         <property name="seleniumVersion" value="4.22.0"/>
         <property name="proxyInformation" value="ProxyInformation { proxyOption=NO_PROXY, proxyServerType=HTTP, username=, password=********, proxyServerAddress=, proxyServerPort=0, executionList=&quot;&quot;, isApplyToDesiredCapabilities=true }"/>
         <property name="platform" value="Windows 10"/>
      </properties>
      <testcase name="Test Cases/verify first page" time="16.713" classname="Test Cases/verify first page" status="PASSED">
         <system-out><![CDATA[27-02-2025T20:23:04 - [TEST_CASE][PASSED] - Test Cases/verify first page: Test Cases/verify first page

27-02-2025T20:23:05 - [TEST_STEP][PASSED] - openBrowser(""): Browser is opened with url: ''

27-02-2025T20:23:06 - [MESSAGE][INFO] - Starting 'Chrome' driver

27-02-2025T20:23:06 - [MESSAGE][INFO] - Action delay is set to 0 milliseconds

27-02-2025T20:23:16 - [MESSAGE][PASSED] - Browser is opened with url: ''

27-02-2025T20:23:16 - [TEST_STEP][PASSED] - navigateToUrl("https://katalon-demo-cura.herokuapp.com/"): Navigate to 'https://katalon-demo-cura.herokuapp.com/' successfully

27-02-2025T20:23:17 - [MESSAGE][PASSED] - Navigate to 'https://katalon-demo-cura.herokuapp.com/' successfully

27-02-2025T20:23:17 - [TEST_STEP][PASSED] - verifyElementPresent(findTestObject("Object Repository/Page_CURA Healthcare Service/a_Make Appointment"), 0): Object 'Object Repository/Page_CURA Healthcare Service/a_Make Appointment' is present

27-02-2025T20:23:19 - [MESSAGE][WARNING] - Timeout '0' is invalid. Using default page load timeout: '30'

27-02-2025T20:23:21 - [MESSAGE][PASSED] - Object 'Object Repository/Page_CURA Healthcare Service/a_Make Appointment' is present]]></system-out>
         <system-err><![CDATA[]]></system-err>
      </testcase>
      <testcase name="Test Cases/verify page 1 header" time="14.639" classname="Test Cases/verify page 1 header" status="PASSED">
         <system-out><![CDATA[27-02-2025T20:23:21 - [TEST_CASE][PASSED] - Test Cases/verify page 1 header: Test Cases/verify page 1 header

27-02-2025T20:23:22 - [TEST_STEP][PASSED] - openBrowser(""): Browser is opened with url: ''

27-02-2025T20:23:22 - [MESSAGE][WARNING] - A browser is already opened. Closing browser and opening a new one

27-02-2025T20:23:23 - [MESSAGE][INFO] - Starting 'Chrome' driver

27-02-2025T20:23:23 - [MESSAGE][INFO] - Action delay is set to 0 milliseconds

27-02-2025T20:23:31 - [MESSAGE][PASSED] - Browser is opened with url: ''

27-02-2025T20:23:31 - [TEST_STEP][PASSED] - navigateToUrl("https://katalon-demo-cura.herokuapp.com/"): Navigate to 'https://katalon-demo-cura.herokuapp.com/' successfully

27-02-2025T20:23:32 - [MESSAGE][PASSED] - Navigate to 'https://katalon-demo-cura.herokuapp.com/' successfully

27-02-2025T20:23:32 - [TEST_STEP][PASSED] - verifyElementText(findTestObject("Object Repository/Page_CURA Healthcare Service/h1_CURA Healthcare Service"), "CURA Healthcare Service"): Actual text and expected text of test object 'Object Repository/Page_CURA Healthcare Service/h1_CURA Healthcare Service' are matched.

27-02-2025T20:23:36 - [MESSAGE][PASSED] - Actual text and expected text of test object 'Object Repository/Page_CURA Healthcare Service/h1_CURA Healthcare Service' are matched.]]></system-out>
         <system-err><![CDATA[]]></system-err>
      </testcase>
      <system-out><![CDATA[27-02-2025T20:23:04 - [TEST_SUITE][PASSED] - 1 Test Suite: Test Cases/verify page 1 header]]></system-out>
      <system-err><![CDATA[]]></system-err>
   </testsuite>
   <testsuite name="2 Test suite" tests="2" failures="0" errors="0" time="44.416" skipped="0" timestamp="27-02-2025T20:23:34" hostname="Hp - DESKTOP-U08CQCA" id="Test Suites/2 Test suite">
      <properties>
         <property name="deviceName" value=""/>
         <property name="devicePlatform"/>
         <property name="logFolder" value="C:\\Users\\Hp\\git\\repo\\Reports\\20250227_202246\\2 Test suite\\20250227_202249"/>
         <property name="logFiles" value="C:\\Users\\Hp\\git\\repo\\Reports\\20250227_202246\\2 Test suite\\20250227_202249\\execution0.log"/>
         <property name="attachments" value=""/>
         <property name="hostName" value="Hp - DESKTOP-U08CQCA"/>
         <property name="os" value="Windows 10 64bit"/>
         <property name="katalonVersion" value="10.1.0.223"/>
         <property name="browser" value="Chrome 132.0.6834.160"/>
         <property name="hostAddress" value="192.168.1.21"/>
         <property name="sessionId" value="7883cfa6c102d6243497e8572e4b4e11"/>
         <property name="seleniumVersion" value="4.22.0"/>
         <property name="proxyInformation" value="ProxyInformation { proxyOption=NO_PROXY, proxyServerType=HTTP, username=, password=********, proxyServerAddress=, proxyServerPort=0, executionList=&quot;&quot;, isApplyToDesiredCapabilities=true }"/>
         <property name="platform" value="Windows 10"/>
      </properties>
      <testcase name="Test Cases/Click on appointment" time="24.65" classname="Test Cases/Click on appointment" status="PASSED">
         <system-out><![CDATA[27-02-2025T20:23:34 - [TEST_CASE][PASSED] - Test Cases/Click on appointment: Test Cases/Click on appointment

27-02-2025T20:23:36 - [TEST_STEP][PASSED] - openBrowser(""): Browser is opened with url: ''

27-02-2025T20:23:38 - [MESSAGE][INFO] - Starting 'Chrome' driver

27-02-2025T20:23:39 - [MESSAGE][INFO] - Action delay is set to 0 milliseconds

27-02-2025T20:23:53 - [MESSAGE][PASSED] - Browser is opened with url: ''

27-02-2025T20:23:53 - [TEST_STEP][PASSED] - navigateToUrl("https://katalon-demo-cura.herokuapp.com/"): Navigate to 'https://katalon-demo-cura.herokuapp.com/' successfully

27-02-2025T20:23:56 - [MESSAGE][PASSED] - Navigate to 'https://katalon-demo-cura.herokuapp.com/' successfully

27-02-2025T20:23:56 - [TEST_STEP][PASSED] - click(findTestObject("Object Repository/Page_CURA Healthcare Service/a_Make Appointment")): Object: 'Object Repository/Page_CURA Healthcare Service/a_Make Appointment' is clicked on

27-02-2025T20:23:58 - [MESSAGE][PASSED] - Object: 'Object Repository/Page_CURA Healthcare Service/a_Make Appointment' is clicked on

27-02-2025T20:23:58 - [TEST_STEP][PASSED] - verifyElementPresent(findTestObject("Object Repository/Page_CURA Healthcare Service/h2_Login"), 0): Object 'Object Repository/Page_CURA Healthcare Service/h2_Login' is present

27-02-2025T20:23:59 - [MESSAGE][WARNING] - Timeout '0' is invalid. Using default page load timeout: '30'

27-02-2025T20:23:59 - [MESSAGE][PASSED] - Object 'Object Repository/Page_CURA Healthcare Service/h2_Login' is present]]></system-out>
         <system-err><![CDATA[]]></system-err>
      </testcase>
      <testcase name="Test Cases/Login positive" time="19.041" classname="Test Cases/Login positive" status="PASSED">
         <system-out><![CDATA[27-02-2025T20:23:59 - [TEST_CASE][PASSED] - Test Cases/Login positive: Test Cases/Login positive

27-02-2025T20:24:00 - [TEST_STEP][PASSED] - callTestCase(findTestCase("Click on appointment"), [:], STOP_ON_FAILURE): Call Test Case 'Test Cases/Click on appointment' successfully

27-02-2025T20:24:00 - [TEST_CASE][PASSED] - Test Cases/Click on appointment: Test Cases/Click on appointment

27-02-2025T20:24:00 - [TEST_STEP][PASSED] - openBrowser(""): Browser is opened with url: ''

27-02-2025T20:24:00 - [MESSAGE][WARNING] - A browser is already opened. Closing browser and opening a new one

27-02-2025T20:24:01 - [MESSAGE][INFO] - Starting 'Chrome' driver

27-02-2025T20:24:01 - [MESSAGE][INFO] - Action delay is set to 0 milliseconds

27-02-2025T20:24:08 - [MESSAGE][PASSED] - Browser is opened with url: ''

27-02-2025T20:24:08 - [TEST_STEP][PASSED] - navigateToUrl("https://katalon-demo-cura.herokuapp.com/"): Navigate to 'https://katalon-demo-cura.herokuapp.com/' successfully

27-02-2025T20:24:11 - [MESSAGE][PASSED] - Navigate to 'https://katalon-demo-cura.herokuapp.com/' successfully

27-02-2025T20:24:11 - [TEST_STEP][PASSED] - click(findTestObject("Object Repository/Page_CURA Healthcare Service/a_Make Appointment")): Object: 'Object Repository/Page_CURA Healthcare Service/a_Make Appointment' is clicked on

27-02-2025T20:24:13 - [MESSAGE][PASSED] - Object: 'Object Repository/Page_CURA Healthcare Service/a_Make Appointment' is clicked on

27-02-2025T20:24:13 - [TEST_STEP][PASSED] - verifyElementPresent(findTestObject("Object Repository/Page_CURA Healthcare Service/h2_Login"), 0): Object 'Object Repository/Page_CURA Healthcare Service/h2_Login' is present

27-02-2025T20:24:13 - [MESSAGE][WARNING] - Timeout '0' is invalid. Using default page load timeout: '30'

27-02-2025T20:24:13 - [MESSAGE][PASSED] - Object 'Object Repository/Page_CURA Healthcare Service/h2_Login' is present

27-02-2025T20:24:13 - [MESSAGE][PASSED] - Call Test Case 'Test Cases/Click on appointment' successfully

27-02-2025T20:24:13 - [TEST_STEP][PASSED] - setText(findTestObject("Object Repository/Page_CURA Healthcare Service/input_Username_username"), "John Doe"): Text 'John Doe' is set on object 'Object Repository/Page_CURA Healthcare Service/input_Username_username'

27-02-2025T20:24:14 - [MESSAGE][PASSED] - Text 'John Doe' is set on object 'Object Repository/Page_CURA Healthcare Service/input_Username_username'

27-02-2025T20:24:14 - [TEST_STEP][PASSED] - setEncryptedText(findTestObject("Object Repository/Page_CURA Healthcare Service/input_Password_password"), "g3/DOGG74jC3Flrr3yH+3D/yKbOqqUNM"): Text ****** has been set on object 'Object Repository/Page_CURA Healthcare Service/input_Password_password'

27-02-2025T20:24:15 - [MESSAGE][PASSED] - Text ****** has been set on object 'Object Repository/Page_CURA Healthcare Service/input_Password_password'

27-02-2025T20:24:15 - [TEST_STEP][PASSED] - click(findTestObject("Object Repository/Page_CURA Healthcare Service/button_Login")): Object: 'Object Repository/Page_CURA Healthcare Service/button_Login' is clicked on

27-02-2025T20:24:17 - [MESSAGE][PASSED] - Object: 'Object Repository/Page_CURA Healthcare Service/button_Login' is clicked on

27-02-2025T20:24:17 - [TEST_STEP][PASSED] - click(findTestObject("Object Repository/Page_CURA Healthcare Service/i_CURA Healthcare_fa fa-bars")): Object: 'Object Repository/Page_CURA Healthcare Service/i_CURA Healthcare_fa fa-bars' is clicked on

27-02-2025T20:24:18 - [MESSAGE][PASSED] - Object: 'Object Repository/Page_CURA Healthcare Service/i_CURA Healthcare_fa fa-bars' is clicked on

27-02-2025T20:24:18 - [TEST_STEP][PASSED] - verifyElementPresent(findTestObject("Object Repository/Page_CURA Healthcare Service/a_Logout"), 0): Object 'Object Repository/Page_CURA Healthcare Service/a_Logout' is present

27-02-2025T20:24:18 - [MESSAGE][WARNING] - Timeout '0' is invalid. Using default page load timeout: '30'

27-02-2025T20:24:18 - [MESSAGE][PASSED] - Object 'Object Repository/Page_CURA Healthcare Service/a_Logout' is present]]></system-out>
         <system-err><![CDATA[]]></system-err>
      </testcase>
      <system-out><![CDATA[27-02-2025T20:23:34 - [TEST_SUITE][PASSED] - 2 Test suite: Test Cases/Login positive]]></system-out>
      <system-err><![CDATA[]]></system-err>
   </testsuite>
</testsuites>
